Base path: D:/Program Files (x86)/Unity4_5/Editor/Data
Pipe name: \\.\pipe\UnityShaderCompiler-8-8036
Cmd: getPlatforms
Cmd: compileSnippet
  api=0 type=0 insize=3203 outsize=375 kw= ok=1
Cmd: compileSnippet
  api=8 type=1 insize=3201 outsize=1325 kw= ok=1
Cmd: compileSnippet
  api=8 type=0 insize=3209 outsize=2023 kw= ok=1
Cmd: compileSnippet
  api=0 type=1 insize=3209 outsize=328 kw= ok=1
Cmd: compileSnippet
  api=8 type=1 insize=3206 outsize=1325 kw= ok=1
Cmd: compileSnippet
  api=8 type=1 insize=3211 outsize=1105 kw= ok=1
Cmd: compileSnippet
  api=0 type=1 insize=3204 outsize=127 kw= ok=1
Cmd: compileSnippet
  api=1 type=1 insize=3208 outsize=79 kw= ok=1
Cmd: compileSnippet
  api=0 type=0 insize=4669 outsize=328 kw= ok=1
Cmd: compileSnippet
  api=8 type=0 insize=4674 outsize=3015 kw= ok=1
Cmd: compileSnippet
  api=1 type=0 insize=4684 outsize=363 kw= ok=1
Cmd: compileSnippet
  api=0 type=1 insize=4679 outsize=714 kw= ok=1
Unhandled exception: Readfile from pipe failed. GLE=The pipe has been ended.


Quitting shader compiler process
