Base path: D:/Program Files (x86)/Unity4_5/Editor/Data
Pipe name: \\.\pipe\UnityShaderCompiler-6-8048
Cmd: getPlatforms
Cmd: compileSnippet
  api=0 type=1 insize=997 outsize=259 kw= ok=1
Cmd: compileSnippet
  api=8 type=0 insize=1164 outsize=2454 kw= ok=1
Cmd: compileSnippet
  api=1 type=1 insize=3203 outsize=208 kw= ok=1
Cmd: compileSnippet
  api=1 type=0 insize=3209 outsize=335 kw= ok=1
Cmd: compileSnippet
  api=0 type=0 insize=3206 outsize=375 kw= ok=1
Cmd: compileSnippet
  api=8 type=1 insize=4674 outsize=2608 kw= ok=1
Cmd: compileSnippet
  api=1 type=1 insize=4684 outsize=588 kw= ok=1
Cmd: compileSnippet
  api=8 type=0 insize=4685 outsize=2495 kw= ok=1
Unhandled exception: Readfile from pipe failed. GLE=The pipe has been ended.


Quitting shader compiler process
