Base path: D:/Program Files (x86)/Unity4_5/Editor/Data
Pipe name: \\.\pipe\UnityShaderCompiler-3-8024
Cmd: getPlatforms
Cmd: compileSnippet
  api=8 type=0 insize=997 outsize=1438 kw= ok=1
Cmd: compileSnippet
  api=0 type=0 insize=996 outsize=328 kw= ok=1
Cmd: compileSnippet
  api=0 type=0 insize=1164 outsize=604 kw= ok=1
Cmd: compileSnippet
  api=8 type=1 insize=1164 outsize=1983 kw= ok=1
Cmd: compileSnippet
  api=0 type=0 insize=3209 outsize=375 kw= ok=1
Cmd: compileSnippet
  api=8 type=0 insize=3218 outsize=2462 kw= ok=1
Cmd: compileSnippet
  api=8 type=0 insize=3211 outsize=2023 kw= ok=1
Cmd: compileSnippet
  api=0 type=0 insize=3208 outsize=375 kw= ok=1
Cmd: compileSnippet
  api=8 type=0 insize=4669 outsize=1438 kw= ok=1
Cmd: compileSnippet
  api=1 type=0 insize=4674 outsize=364 kw= ok=1
Cmd: compileSnippet
  api=8 type=1 insize=4679 outsize=2974 kw= ok=1
Unhandled exception: Readfile from pipe failed. GLE=The pipe has been ended.


Quitting shader compiler process
