Base path: D:/Program Files (x86)/Unity4_5/Editor/Data
Pipe name: \\.\pipe\UnityShaderCompiler-4-8028
Cmd: getPlatforms
Cmd: compileSnippet
  api=8 type=1 insize=997 outsize=1219 kw= ok=1
Cmd: compileSnippet
  api=0 type=1 insize=1164 outsize=466 kw= ok=1
Cmd: compileSnippet
  api=0 type=1 insize=3203 outsize=328 kw= ok=1
Cmd: compileSnippet
  api=0 type=1 insize=3201 outsize=256 kw= ok=1
Cmd: compileSnippet
  api=1 type=1 insize=3209 outsize=101 kw= ok=1
Cmd: compileSnippet
  api=0 type=1 insize=3206 outsize=256 kw= ok=1
Cmd: compileSnippet
  api=0 type=1 insize=3211 outsize=214 kw= ok=1
Cmd: compileSnippet
  api=1 type=1 insize=3204 outsize=66 kw= ok=1
Cmd: compileSnippet
  api=0 type=0 insize=3203 outsize=375 kw= ok=1
Cmd: compileSnippet
  api=1 type=0 insize=4669 outsize=132 kw= ok=1
Cmd: compileSnippet
  api=0 type=0 insize=4674 outsize=753 kw= ok=1
Cmd: compileSnippet
  api=8 type=0 insize=4684 outsize=2990 kw= ok=1
Unhandled exception: Readfile from pipe failed. GLE=The pipe has been ended.


Quitting shader compiler process
