Base path: D:/Program Files (x86)/Unity4_5/Editor/Data
Pipe name: \\.\pipe\UnityShaderCompiler-7-5620
Cmd: getPlatforms
Cmd: compileSnippet
  api=1 type=1 insize=1007 outsize=134 kw= ok=1
Cmd: compileSnippet
  api=1 type=1 insize=2298 outsize=6952 kw= ok=1
Cmd: compileSnippet
  api=1 type=1 insize=2803 outsize=12477 kw= ok=1
Cmd: compileSnippet
  api=8 type=0 insize=2019 outsize=1967 kw= ok=1
Cmd: compileSnippet
  api=0 type=1 insize=1171 outsize=466 kw= ok=1
Cmd: compileSnippet
  api=8 type=1 insize=3253 outsize=1698 kw= ok=1
Cmd: compileSnippet
  api=0 type=1 insize=3251 outsize=256 kw= ok=1
Cmd: compileSnippet
  api=0 type=0 insize=3259 outsize=375 kw= ok=1
Cmd: compileSnippet
  api=8 type=0 insize=3256 outsize=2023 kw= ok=1
Cmd: compileSnippet
  api=0 type=1 insize=3268 outsize=402 kw= ok=1
Cmd: compileSnippet
  api=0 type=0 insize=3254 outsize=375 kw= ok=1
Cmd: compileSnippet
  api=0 type=0 insize=3258 outsize=375 kw= ok=1
Cmd: compileSnippet
  api=0 type=0 insize=8625 outsize=3208 kw= ok=1
Cmd: compileSnippet
  api=0 type=0 insize=8630 outsize=2008 kw= ok=1
Cmd: compileSnippet
  api=0 type=0 insize=8629 outsize=523 kw= ok=1
Cmd: compileSnippet
  api=0 type=0 insize=8634 outsize=1040 kw= ok=1
Cmd: compileSnippet
  api=0 type=0 insize=8633 outsize=1172 kw= ok=1
Cmd: compileSnippet
  api=0 type=0 insize=19335 outsize=823 kw= ok=1
Cmd: compileSnippet
  api=1 type=0 insize=19342 outsize=595 kw= ok=1
Cmd: compileSnippet
  api=0 type=0 insize=19346 outsize=4208 kw= ok=1
Cmd: compileSnippet
  api=1 type=0 insize=19339 outsize=318 kw= ok=1
Cmd: compileSnippet
  api=1 type=0 insize=19335 outsize=318 kw= ok=1
Cmd: compileSnippet
  api=0 type=0 insize=19345 outsize=841 kw= ok=1
Cmd: compileSnippet
  api=0 type=0 insize=19338 outsize=731 kw= ok=1
Cmd: compileSnippet
  api=0 type=0 insize=19345 outsize=909 kw= ok=1
Cmd: compileSnippet
  api=1 type=0 insize=19327 outsize=318 kw= ok=1
Cmd: compileSnippet
  api=0 type=0 insize=19335 outsize=3521 kw= ok=1
Cmd: compileSnippet
  api=1 type=0 insize=19343 outsize=318 kw= ok=1
Cmd: compileSnippet
  api=1 type=0 insize=19353 outsize=595 kw= ok=1
Cmd: compileSnippet
  api=0 type=0 insize=19331 outsize=549 kw= ok=1
Cmd: compileSnippet
  api=1 type=0 insize=19333 outsize=413 kw= ok=1
Cmd: compileSnippet
  api=0 type=0 insize=19350 outsize=426 kw= ok=1
Cmd: compileSnippet
  api=1 type=0 insize=3765 outsize=443 kw= ok=1
Cmd: compileSnippet
  api=0 type=1 insize=3778 outsize=545 kw= ok=1
Cmd: compileSnippet
  api=1 type=1 insize=4698 outsize=194 kw= ok=1
Cmd: compileSnippet
  api=8 type=1 insize=4703 outsize=2608 kw= ok=1
Cmd: compileSnippet
  api=0 type=1 insize=3842 outsize=638 kw= ok=1
Cmd: compileSnippet
  api=0 type=0 insize=3834 outsize=328 kw= ok=1
Cmd: compileSnippet
  api=0 type=1 insize=912 outsize=200 kw= ok=1
Unhandled exception: Readfile from pipe failed. GLE=The pipe has been ended.


Quitting shader compiler process
