Base path: D:/Program Files (x86)/Unity4_5/Editor/Data
Pipe name: \\.\pipe\UnityShaderCompiler-5-8044
Cmd: getPlatforms
Cmd: compileSnippet
  api=1 type=1 insize=997 outsize=136 kw= ok=1
Cmd: compileSnippet
  api=0 type=1 insize=996 outsize=257 kw= ok=1
Cmd: compileSnippet
  api=0 type=1 insize=3217 outsize=426 kw= ok=1
Cmd: compileSnippet
  api=0 type=1 insize=3209 outsize=213 kw= ok=1
Cmd: compileSnippet
  api=8 type=0 insize=3209 outsize=2023 kw= ok=1
Cmd: compileSnippet
  api=0 type=0 insize=3211 outsize=375 kw= ok=1
Cmd: compileSnippet
  api=1 type=0 insize=3204 outsize=335 kw= ok=1
Cmd: compileSnippet
  api=0 type=1 insize=3208 outsize=197 kw= ok=1
Cmd: compileSnippet
  api=0 type=1 insize=3203 outsize=133 kw= ok=1
Cmd: compileSnippet
  api=0 type=1 insize=4674 outsize=569 kw= ok=1
Cmd: compileSnippet
  api=1 type=0 insize=4679 outsize=363 kw= ok=1
Unhandled exception: Readfile from pipe failed. GLE=The pipe has been ended.


Quitting shader compiler process
